[debug] [2023-04-18T12:44:21.551Z] ----------------------------------------------------------------------
[debug] [2023-04-18T12:44:21.554Z] Command:       C:\Program Files\nodejs\node.exe C:\Users\Sofi\AppData\Roaming\npm\node_modules\firebase-tools\lib\bin\firebase.js init
[debug] [2023-04-18T12:44:21.555Z] CLI Version:   11.27.0
[debug] [2023-04-18T12:44:21.556Z] Platform:      win32
[debug] [2023-04-18T12:44:21.556Z] Node Version:  v18.12.1
[debug] [2023-04-18T12:44:21.558Z] Time:          Tue Apr 18 2023 09:44:21 GMT-0300 (hora estándar de Argentina)
[debug] [2023-04-18T12:44:21.558Z] ----------------------------------------------------------------------
[debug] 
[debug] [2023-04-18T12:44:21.698Z] > command requires scopes: ["email","openid","https://www.googleapis.com/auth/cloudplatformprojects.readonly","https://www.googleapis.com/auth/firebase","https://www.googleapis.com/auth/cloud-platform"]
[debug] [2023-04-18T12:44:21.699Z] > authorizing via signed-in user (sofiasoto283@gmail.com)
[info] 
     ######## #### ########  ######## ########     ###     ######  ########
     ##        ##  ##     ## ##       ##     ##  ##   ##  ##       ##
     ######    ##  ########  ######   ########  #########  ######  ######
     ##        ##  ##    ##  ##       ##     ## ##     ##       ## ##
     ##       #### ##     ## ######## ########  ##     ##  ######  ########

You're about to initialize a Firebase project in this directory:

  C:\Users\Sofi\Desktop\Proyecto-ArgPro\PortFolioFrontend

Before we get started, keep in mind:

  * You are initializing within an existing Firebase project directory

